{"type":"server-started","port":50094,"host":"127.0.0.1","url_host":"localhost","url":"http://localhost:50094","screen_dir":"/Users/northwang/dev/worldcup/.superpowers/brainstorm/63276-1780993175/content","state_dir":"/Users/northwang/dev/worldcup/.superpowers/brainstorm/63276-1780993175/state"}
{"type":"screen-added","file":"/Users/northwang/dev/worldcup/.superpowers/brainstorm/63276-1780993175/content/visual-direction.html"}
{"source":"user-event","type":"click","text":"🏟️\n        \n          ⚽\n          World Cup 2026\n        \n        \n          🇲🇽 vs 🇿🇦\n          🇧🇷 vs 🇲🇦\n        \n      \n    \n    \n      🌙 球场之夜\n      深蓝黑底 + 毛玻璃效果 + 泛光灯感。模拟球场灯光夜战氛围，沉浸感强，适合大屏观赛体验。","choice":"stadium-night","id":null,"timestamp":1780993228120}
{"source":"user-event","type":"click","text":"🏟️\n        \n          ⚽\n          World Cup 2026\n        \n        \n          🇲🇽 vs 🇿🇦\n          🇧🇷 vs 🇲🇦\n        \n      \n    \n    \n      🌙 球场之夜\n      深蓝黑底 + 毛玻璃效果 + 泛光灯感。模拟球场灯光夜战氛围，沉浸感强，适合大屏观赛体验。","choice":"stadium-night","id":null,"timestamp":1780993230821}
{"source":"user-event","type":"click","text":"🏟️\n        \n          ⚽\n          World Cup 2026\n        \n        \n          🇲🇽 vs 🇿🇦\n          🇧🇷 vs 🇲🇦\n        \n      \n    \n    \n      🌙 球场之夜\n      深蓝黑底 + 毛玻璃效果 + 泛光灯感。模拟球场灯光夜战氛围，沉浸感强，适合大屏观赛体验。","choice":"stadium-night","id":null,"timestamp":1780993234253}
{"source":"user-event","type":"click","text":"🏟️\n        \n          ⚽\n          World Cup 2026\n        \n        \n          🇲🇽 vs 🇿🇦\n          🇧🇷 vs 🇲🇦\n        \n      \n    \n    \n      🌙 球场之夜\n      深蓝黑底 + 毛玻璃效果 + 泛光灯感。模拟球场灯光夜战氛围，沉浸感强，适合大屏观赛体验。","choice":"stadium-night","id":null,"timestamp":1780993235846}
{"source":"user-event","type":"click","text":"🏟️\n        \n          ⚽\n          World Cup 2026\n        \n        \n          🇲🇽 vs 🇿🇦\n          🇧🇷 vs 🇲🇦\n        \n      \n    \n    \n      🌙 球场之夜\n      深蓝黑底 + 毛玻璃效果 + 泛光灯感。模拟球场灯光夜战氛围，沉浸感强，适合大屏观赛体验。","choice":"stadium-night","id":null,"timestamp":1780993236147}
{"source":"user-event","type":"click","text":"🏟️\n        \n          ⚽\n          World Cup 2026\n        \n        \n          🇲🇽 vs 🇿🇦\n          🇧🇷 vs 🇲🇦\n        \n      \n    \n    \n      🌙 球场之夜\n      深蓝黑底 + 毛玻璃效果 + 泛光灯感。模拟球场灯光夜战氛围，沉浸感强，适合大屏观赛体验。","choice":"stadium-night","id":null,"timestamp":1780993239094}
{"source":"user-event","type":"click","text":"🏟️\n        \n          ⚽\n          World Cup 2026\n        \n        \n          🇲🇽 vs 🇿🇦\n          🇧🇷 vs 🇲🇦\n        \n      \n    \n    \n      🌙 球场之夜\n      深蓝黑底 + 毛玻璃效果 + 泛光灯感。模拟球场灯光夜战氛围，沉浸感强，适合大屏观赛体验。","choice":"stadium-night","id":null,"timestamp":1780993239348}
{"source":"user-event","type":"click","text":"🏟️\n        \n          ⚽\n          World Cup 2026\n        \n        \n          🇲🇽 vs 🇿🇦\n          🇧🇷 vs 🇲🇦\n        \n      \n    \n    \n      🌙 球场之夜\n      深蓝黑底 + 毛玻璃效果 + 泛光灯感。模拟球场灯光夜战氛围，沉浸感强，适合大屏观赛体验。","choice":"stadium-night","id":null,"timestamp":1780993240331}
{"source":"user-event","type":"click","text":"🏟️\n        \n          ⚽\n          World Cup 2026\n        \n        \n          🇲🇽 vs 🇿🇦\n          🇧🇷 vs 🇲🇦\n        \n      \n    \n    \n      🌙 球场之夜\n      深蓝黑底 + 毛玻璃效果 + 泛光灯感。模拟球场灯光夜战氛围，沉浸感强，适合大屏观赛体验。","choice":"stadium-night","id":null,"timestamp":1780993240587}
{"source":"user-event","type":"click","text":"⚽\n          World Cup 2026\n        \n        \n          🇲🇽 vs 🇿🇦\n          🇧🇷 vs 🇲🇦\n        \n      \n    \n    \n      🌿 清新绿茵\n      浅色背景 + 草绿主色 + 大面积留白。清爽干净，类似现代 SaaS 仪表盘，信息层级清晰易读。","choice":"clean-green","id":null,"timestamp":1780993242255}
{"source":"user-event","type":"click","text":"🏟️\n        \n          ⚽\n          World Cup 2026\n        \n        \n          🇲🇽 vs 🇿🇦\n          🇧🇷 vs 🇲🇦\n        \n      \n    \n    \n      🌙 球场之夜\n      深蓝黑底 + 毛玻璃效果 + 泛光灯感。模拟球场灯光夜战氛围，沉浸感强，适合大屏观赛体验。","choice":"stadium-night","id":null,"timestamp":1780993242796}
{"source":"user-event","type":"click","text":"🏟️\n        \n          ⚽\n          World Cup 2026\n        \n        \n          🇲🇽 vs 🇿🇦\n          🇧🇷 vs 🇲🇦\n        \n      \n    \n    \n      🌙 球场之夜\n      深蓝黑底 + 毛玻璃效果 + 泛光灯感。模拟球场灯光夜战氛围，沉浸感强，适合大屏观赛体验。","choice":"stadium-night","id":null,"timestamp":1780993243654}
{"source":"user-event","type":"click","text":"🏟️\n        \n          ⚽\n          World Cup 2026\n        \n        \n          🇲🇽 vs 🇿🇦\n          🇧🇷 vs 🇲🇦\n        \n      \n    \n    \n      🌙 球场之夜\n      深蓝黑底 + 毛玻璃效果 + 泛光灯感。模拟球场灯光夜战氛围，沉浸感强，适合大屏观赛体验。","choice":"stadium-night","id":null,"timestamp":1780993243891}
{"source":"user-event","type":"click","text":"🏟️\n        \n          ⚽\n          World Cup 2026\n        \n        \n          🇲🇽 vs 🇿🇦\n          🇧🇷 vs 🇲🇦\n        \n      \n    \n    \n      🌙 球场之夜\n      深蓝黑底 + 毛玻璃效果 + 泛光灯感。模拟球场灯光夜战氛围，沉浸感强，适合大屏观赛体验。","choice":"stadium-night","id":null,"timestamp":1780993255171}
{"source":"user-event","type":"click","text":"🏟️\n        \n          ⚽\n          World Cup 2026\n        \n        \n          🇲🇽 vs 🇿🇦\n          🇧🇷 vs 🇲🇦\n        \n      \n    \n    \n      🌙 球场之夜\n      深蓝黑底 + 毛玻璃效果 + 泛光灯感。模拟球场灯光夜战氛围，沉浸感强，适合大屏观赛体验。","choice":"stadium-night","id":null,"timestamp":1780993260481}
{"type":"screen-added","file":"/Users/northwang/dev/worldcup/.superpowers/brainstorm/63276-1780993175/content/waiting.html"}
{"type":"screen-added","file":"/Users/northwang/dev/worldcup/.superpowers/brainstorm/63276-1780993175/content/pages.html"}
{"source":"user-event","type":"click","text":"📅\n    \n      比赛日程\n      完整赛程表，按小组/阶段筛选，显示时间（北京时间）、场地、对阵双方国旗。赛后自动显示比分。","choice":"schedule","id":null,"timestamp":1780993505748}
{"source":"user-event","type":"click","text":"📊\n    \n      积分榜 & 晋级图\n      12 个小组实时积分排名 + 淘汰赛晋级树状图。赛后自动更新积分和晋级情况。","choice":"standings","id":null,"timestamp":1780993506627}
{"source":"user-event","type":"click","text":"👥\n    \n      球队 & 球员档案\n      48 支球队详情页：阵容名单、教练、世界排名、历史战绩。球星个人数据卡片（进球/助攻/身价等）。","choice":"teams","id":null,"timestamp":1780993507361}
{"source":"user-event","type":"click","text":"📈\n    \n      数据统计 & 分析\n      射手榜、助攻榜、控球率等赛事数据。可视化图表展示球队/球员数据对比。赛后抓取更新。","choice":"stats","id":null,"timestamp":1780993509078}
{"source":"user-event","type":"click","text":"📺\n    \n      直播计划\n      各场比赛的转播平台、直播链接（央视/咪咕/抖音等）。可添加到系统日历的入口。","choice":"live","id":null,"timestamp":1780993510422}
{"source":"user-event","type":"click","text":"📰\n    \n      赛事新闻\n      赛后战报、集锦链接、转会新闻等。可手动发布或抓取 RSS 源汇总。","choice":"news","id":null,"timestamp":1780993511540}
{"type":"screen-added","file":"/Users/northwang/dev/worldcup/.superpowers/brainstorm/63276-1780993175/content/homepage.html"}
{"type":"screen-added","file":"/Users/northwang/dev/worldcup/.superpowers/brainstorm/63276-1780993175/content/schedule.html"}
{"type":"screen-added","file":"/Users/northwang/dev/worldcup/.superpowers/brainstorm/63276-1780993175/content/team-player.html"}
{"type":"screen-added","file":"/Users/northwang/dev/worldcup/.superpowers/brainstorm/63276-1780993175/content/stats.html"}
{"type":"screen-added","file":"/Users/northwang/dev/worldcup/.superpowers/brainstorm/63276-1780993175/content/stats-v2.html"}
{"type":"server-stopped","reason":"idle timeout"}
